2017/04/08 10:11:47 [error] [php] Missing argument 6 for Menu::selectDiamWidthHeight(), called in /var/www/html/yii/protected/controllers/SiteController.php on line 93 and defined (/var/www/html/yii/protected/models/Menu.php:114)
Stack trace:
#0 /var/www/html/yii/yii/framework/web/CController.php(308): CInlineAction->runWithParams()
#1 /var/www/html/yii/yii/framework/web/CController.php(286): SiteController->runAction()
#2 /var/www/html/yii/yii/framework/web/CController.php(265): SiteController->runActionWithFilters()
#3 /var/www/html/yii/yii/framework/web/CWebApplication.php(282): SiteController->run()
#4 /var/www/html/yii/yii/framework/web/CWebApplication.php(141): CWebApplication->runController()
#5 /var/www/html/yii/yii/framework/base/CApplication.php(169): CWebApplication->processRequest()
#6 /var/www/html/yii/index.php(13): CWebApplication->run()
REQUEST_URI=/yii/ajaxtype
in /var/www/html/yii/protected/models/Menu.php (114)
in /var/www/html/yii/protected/controllers/SiteController.php (93)
in /var/www/html/yii/index.php (13)
2017/04/08 10:12:32 [error] [php] Missing argument 6 for Menu::selectDiamWidthHeight(), called in /var/www/html/yii/protected/controllers/SiteController.php on line 93 and defined (/var/www/html/yii/protected/models/Menu.php:114)
Stack trace:
#0 /var/www/html/yii/yii/framework/web/CController.php(308): CInlineAction->runWithParams()
#1 /var/www/html/yii/yii/framework/web/CController.php(286): SiteController->runAction()
#2 /var/www/html/yii/yii/framework/web/CController.php(265): SiteController->runActionWithFilters()
#3 /var/www/html/yii/yii/framework/web/CWebApplication.php(282): SiteController->run()
#4 /var/www/html/yii/yii/framework/web/CWebApplication.php(141): CWebApplication->runController()
#5 /var/www/html/yii/yii/framework/base/CApplication.php(169): CWebApplication->processRequest()
#6 /var/www/html/yii/index.php(13): CWebApplication->run()
REQUEST_URI=/yii/ajaxtype
in /var/www/html/yii/protected/models/Menu.php (114)
in /var/www/html/yii/protected/controllers/SiteController.php (93)
in /var/www/html/yii/index.php (13)
2017/04/08 10:20:14 [error] [php] Undefined index: type_auto (/var/www/html/yii/protected/controllers/SiteController.php:78)
Stack trace:
#0 /var/www/html/yii/yii/framework/web/CController.php(286): SiteController->runAction()
#1 /var/www/html/yii/yii/framework/web/CController.php(265): SiteController->runActionWithFilters()
#2 /var/www/html/yii/yii/framework/web/CWebApplication.php(282): SiteController->run()
#3 /var/www/html/yii/yii/framework/web/CWebApplication.php(141): CWebApplication->runController()
#4 /var/www/html/yii/yii/framework/base/CApplication.php(169): CWebApplication->processRequest()
#5 /var/www/html/yii/index.php(13): CWebApplication->run()
REQUEST_URI=/yii/ajaxtype
in /var/www/html/yii/protected/controllers/SiteController.php (78)
in /var/www/html/yii/index.php (13)
2017/04/08 10:20:16 [error] [php] Undefined index: type_auto (/var/www/html/yii/protected/controllers/SiteController.php:78)
Stack trace:
#0 /var/www/html/yii/yii/framework/web/CController.php(286): SiteController->runAction()
#1 /var/www/html/yii/yii/framework/web/CController.php(265): SiteController->runActionWithFilters()
#2 /var/www/html/yii/yii/framework/web/CWebApplication.php(282): SiteController->run()
#3 /var/www/html/yii/yii/framework/web/CWebApplication.php(141): CWebApplication->runController()
#4 /var/www/html/yii/yii/framework/base/CApplication.php(169): CWebApplication->processRequest()
#5 /var/www/html/yii/index.php(13): CWebApplication->run()
REQUEST_URI=/yii/ajaxtype
in /var/www/html/yii/protected/controllers/SiteController.php (78)
in /var/www/html/yii/index.php (13)
2017/04/08 10:34:48 [error] [php] Undefined index: type_auto (/var/www/html/yii/protected/controllers/SiteController.php:78)
Stack trace:
#0 /var/www/html/yii/yii/framework/web/CController.php(286): SiteController->runAction()
#1 /var/www/html/yii/yii/framework/web/CController.php(265): SiteController->runActionWithFilters()
#2 /var/www/html/yii/yii/framework/web/CWebApplication.php(282): SiteController->run()
#3 /var/www/html/yii/yii/framework/web/CWebApplication.php(141): CWebApplication->runController()
#4 /var/www/html/yii/yii/framework/base/CApplication.php(169): CWebApplication->processRequest()
#5 /var/www/html/yii/index.php(13): CWebApplication->run()
REQUEST_URI=/yii/ajaxtype
in /var/www/html/yii/protected/controllers/SiteController.php (78)
in /var/www/html/yii/index.php (13)
2017/04/08 10:34:51 [error] [php] Undefined index: type_auto (/var/www/html/yii/protected/controllers/SiteController.php:78)
Stack trace:
#0 /var/www/html/yii/yii/framework/web/CController.php(286): SiteController->runAction()
#1 /var/www/html/yii/yii/framework/web/CController.php(265): SiteController->runActionWithFilters()
#2 /var/www/html/yii/yii/framework/web/CWebApplication.php(282): SiteController->run()
#3 /var/www/html/yii/yii/framework/web/CWebApplication.php(141): CWebApplication->runController()
#4 /var/www/html/yii/yii/framework/base/CApplication.php(169): CWebApplication->processRequest()
#5 /var/www/html/yii/index.php(13): CWebApplication->run()
REQUEST_URI=/yii/ajaxtype
in /var/www/html/yii/protected/controllers/SiteController.php (78)
in /var/www/html/yii/index.php (13)
2017/04/08 10:35:16 [error] [php] Undefined index: type_auto (/var/www/html/yii/protected/controllers/SiteController.php:78)
Stack trace:
#0 /var/www/html/yii/yii/framework/web/CController.php(286): SiteController->runAction()
#1 /var/www/html/yii/yii/framework/web/CController.php(265): SiteController->runActionWithFilters()
#2 /var/www/html/yii/yii/framework/web/CWebApplication.php(282): SiteController->run()
#3 /var/www/html/yii/yii/framework/web/CWebApplication.php(141): CWebApplication->runController()
#4 /var/www/html/yii/yii/framework/base/CApplication.php(169): CWebApplication->processRequest()
#5 /var/www/html/yii/index.php(13): CWebApplication->run()
REQUEST_URI=/yii/ajaxtype
in /var/www/html/yii/protected/controllers/SiteController.php (78)
in /var/www/html/yii/index.php (13)
2017/04/08 10:35:52 [error] [php] Undefined index: type_auto (/var/www/html/yii/protected/controllers/SiteController.php:78)
Stack trace:
#0 /var/www/html/yii/yii/framework/web/CController.php(286): SiteController->runAction()
#1 /var/www/html/yii/yii/framework/web/CController.php(265): SiteController->runActionWithFilters()
#2 /var/www/html/yii/yii/framework/web/CWebApplication.php(282): SiteController->run()
#3 /var/www/html/yii/yii/framework/web/CWebApplication.php(141): CWebApplication->runController()
#4 /var/www/html/yii/yii/framework/base/CApplication.php(169): CWebApplication->processRequest()
#5 /var/www/html/yii/index.php(13): CWebApplication->run()
REQUEST_URI=/yii/ajaxtype
in /var/www/html/yii/protected/controllers/SiteController.php (78)
in /var/www/html/yii/index.php (13)
2017/04/08 11:22:15 [error] [php] Undefined index: type_auto (/var/www/html/yii/protected/controllers/SiteController.php:78)
Stack trace:
#0 /var/www/html/yii/yii/framework/web/CController.php(286): SiteController->runAction()
#1 /var/www/html/yii/yii/framework/web/CController.php(265): SiteController->runActionWithFilters()
#2 /var/www/html/yii/yii/framework/web/CWebApplication.php(282): SiteController->run()
#3 /var/www/html/yii/yii/framework/web/CWebApplication.php(141): CWebApplication->runController()
#4 /var/www/html/yii/yii/framework/base/CApplication.php(169): CWebApplication->processRequest()
#5 /var/www/html/yii/index.php(13): CWebApplication->run()
REQUEST_URI=/yii/ajaxtype
in /var/www/html/yii/protected/controllers/SiteController.php (78)
in /var/www/html/yii/index.php (13)
2017/04/08 11:22:17 [error] [php] Undefined index: type_auto (/var/www/html/yii/protected/controllers/SiteController.php:78)
Stack trace:
#0 /var/www/html/yii/yii/framework/web/CController.php(286): SiteController->runAction()
#1 /var/www/html/yii/yii/framework/web/CController.php(265): SiteController->runActionWithFilters()
#2 /var/www/html/yii/yii/framework/web/CWebApplication.php(282): SiteController->run()
#3 /var/www/html/yii/yii/framework/web/CWebApplication.php(141): CWebApplication->runController()
#4 /var/www/html/yii/yii/framework/base/CApplication.php(169): CWebApplication->processRequest()
#5 /var/www/html/yii/index.php(13): CWebApplication->run()
REQUEST_URI=/yii/ajaxtype
in /var/www/html/yii/protected/controllers/SiteController.php (78)
in /var/www/html/yii/index.php (13)
2017/04/08 11:22:23 [error] [php] Undefined index: type_auto (/var/www/html/yii/protected/controllers/SiteController.php:78)
Stack trace:
#0 /var/www/html/yii/yii/framework/web/CController.php(286): SiteController->runAction()
#1 /var/www/html/yii/yii/framework/web/CController.php(265): SiteController->runActionWithFilters()
#2 /var/www/html/yii/yii/framework/web/CWebApplication.php(282): SiteController->run()
#3 /var/www/html/yii/yii/framework/web/CWebApplication.php(141): CWebApplication->runController()
#4 /var/www/html/yii/yii/framework/base/CApplication.php(169): CWebApplication->processRequest()
#5 /var/www/html/yii/index.php(13): CWebApplication->run()
REQUEST_URI=/yii/ajaxtype
in /var/www/html/yii/protected/controllers/SiteController.php (78)
in /var/www/html/yii/index.php (13)
2017/04/08 11:49:10 [error] [php] Missing argument 4 for Menu::selectDiamWidthHeight(), called in /var/www/html/yii/protected/controllers/SiteController.php on line 113 and defined (/var/www/html/yii/protected/models/Menu.php:114)
Stack trace:
#0 /var/www/html/yii/yii/framework/web/CController.php(308): CInlineAction->runWithParams()
#1 /var/www/html/yii/yii/framework/web/CController.php(286): SiteController->runAction()
#2 /var/www/html/yii/yii/framework/web/CController.php(265): SiteController->runActionWithFilters()
#3 /var/www/html/yii/yii/framework/web/CWebApplication.php(282): SiteController->run()
#4 /var/www/html/yii/yii/framework/web/CWebApplication.php(141): CWebApplication->runController()
#5 /var/www/html/yii/yii/framework/base/CApplication.php(169): CWebApplication->processRequest()
#6 /var/www/html/yii/index.php(13): CWebApplication->run()
REQUEST_URI=/yii/found
in /var/www/html/yii/protected/models/Menu.php (114)
in /var/www/html/yii/protected/controllers/SiteController.php (113)
in /var/www/html/yii/index.php (13)
2017/04/08 11:52:10 [error] [php] Undefined index: type_auto (/var/www/html/yii/protected/controllers/SiteController.php:105)
Stack trace:
#0 /var/www/html/yii/yii/framework/web/CController.php(286): SiteController->runAction()
#1 /var/www/html/yii/yii/framework/web/CController.php(265): SiteController->runActionWithFilters()
#2 /var/www/html/yii/yii/framework/web/CWebApplication.php(282): SiteController->run()
#3 /var/www/html/yii/yii/framework/web/CWebApplication.php(141): CWebApplication->runController()
#4 /var/www/html/yii/yii/framework/base/CApplication.php(169): CWebApplication->processRequest()
#5 /var/www/html/yii/index.php(13): CWebApplication->run()
REQUEST_URI=/yii/found
in /var/www/html/yii/protected/controllers/SiteController.php (105)
in /var/www/html/yii/index.php (13)
2017/04/08 11:52:52 [error] [php] Undefined index: type_auto (/var/www/html/yii/protected/controllers/SiteController.php:105)
Stack trace:
#0 /var/www/html/yii/yii/framework/web/CController.php(286): SiteController->runAction()
#1 /var/www/html/yii/yii/framework/web/CController.php(265): SiteController->runActionWithFilters()
#2 /var/www/html/yii/yii/framework/web/CWebApplication.php(282): SiteController->run()
#3 /var/www/html/yii/yii/framework/web/CWebApplication.php(141): CWebApplication->runController()
#4 /var/www/html/yii/yii/framework/base/CApplication.php(169): CWebApplication->processRequest()
#5 /var/www/html/yii/index.php(13): CWebApplication->run()
REQUEST_URI=/yii/found
in /var/www/html/yii/protected/controllers/SiteController.php (105)
in /var/www/html/yii/index.php (13)
2017/04/08 11:52:59 [error] [php] Undefined index: type_auto (/var/www/html/yii/protected/controllers/SiteController.php:105)
Stack trace:
#0 /var/www/html/yii/yii/framework/web/CController.php(286): SiteController->runAction()
#1 /var/www/html/yii/yii/framework/web/CController.php(265): SiteController->runActionWithFilters()
#2 /var/www/html/yii/yii/framework/web/CWebApplication.php(282): SiteController->run()
#3 /var/www/html/yii/yii/framework/web/CWebApplication.php(141): CWebApplication->runController()
#4 /var/www/html/yii/yii/framework/base/CApplication.php(169): CWebApplication->processRequest()
#5 /var/www/html/yii/index.php(13): CWebApplication->run()
REQUEST_URI=/yii/found
in /var/www/html/yii/protected/controllers/SiteController.php (105)
in /var/www/html/yii/index.php (13)
2017/04/08 11:53:29 [error] [php] Undefined index: type_auto (/var/www/html/yii/protected/controllers/SiteController.php:107)
Stack trace:
#0 /var/www/html/yii/yii/framework/web/CController.php(286): SiteController->runAction()
#1 /var/www/html/yii/yii/framework/web/CController.php(265): SiteController->runActionWithFilters()
#2 /var/www/html/yii/yii/framework/web/CWebApplication.php(282): SiteController->run()
#3 /var/www/html/yii/yii/framework/web/CWebApplication.php(141): CWebApplication->runController()
#4 /var/www/html/yii/yii/framework/base/CApplication.php(169): CWebApplication->processRequest()
#5 /var/www/html/yii/index.php(13): CWebApplication->run()
REQUEST_URI=/yii/found
in /var/www/html/yii/protected/controllers/SiteController.php (107)
in /var/www/html/yii/index.php (13)
2017/04/08 11:54:50 [error] [php] Missing argument 5 for Menu::selectDiamWidthHeight(), called in /var/www/html/yii/protected/controllers/SiteController.php on line 124 and defined (/var/www/html/yii/protected/models/Menu.php:114)
Stack trace:
#0 /var/www/html/yii/yii/framework/web/CController.php(308): CInlineAction->runWithParams()
#1 /var/www/html/yii/yii/framework/web/CController.php(286): SiteController->runAction()
#2 /var/www/html/yii/yii/framework/web/CController.php(265): SiteController->runActionWithFilters()
#3 /var/www/html/yii/yii/framework/web/CWebApplication.php(282): SiteController->run()
#4 /var/www/html/yii/yii/framework/web/CWebApplication.php(141): CWebApplication->runController()
#5 /var/www/html/yii/yii/framework/base/CApplication.php(169): CWebApplication->processRequest()
#6 /var/www/html/yii/index.php(13): CWebApplication->run()
REQUEST_URI=/yii/found
in /var/www/html/yii/protected/models/Menu.php (114)
in /var/www/html/yii/protected/controllers/SiteController.php (124)
in /var/www/html/yii/index.php (13)
2017/04/08 11:55:06 [error] [system.db.CDbCommand] Не удалось выполнить CDbCommand::fetchAll(): SQLSTATE[42000]: Syntax error or access violation: 1064 You have an error in your SQL syntax; check the manual that corresponds to your MySQL server version for the right syntax to use near '' at line 1. Выполнявшийся SQL-запрос: SELECT * FROM shiny WHERE .
in /var/www/html/yii/protected/models/Menu.php (197)
in /var/www/html/yii/protected/controllers/SiteController.php (124)
in /var/www/html/yii/index.php (13)
2017/04/08 11:55:06 [error] [exception.CDbException] exception 'CDbException' with message 'CDbCommand не удалось исполнить SQL-запрос: SQLSTATE[42000]: Syntax error or access violation: 1064 You have an error in your SQL syntax; check the manual that corresponds to your MySQL server version for the right syntax to use near '' at line 1. The SQL statement executed was: SELECT * FROM shiny WHERE ' in /var/www/html/yii/yii/framework/db/CDbCommand.php:541
Stack trace:
#0 /var/www/html/yii/yii/framework/db/CDbCommand.php(395): CDbCommand->queryInternal('fetchAll', Array, Array)
#1 /var/www/html/yii/protected/models/Menu.php(197): CDbCommand->queryAll()
#2 /var/www/html/yii/protected/controllers/SiteController.php(124): Menu->selectDiamWidthHeight('0', '0', '0', 0, 0, 0)
#3 /var/www/html/yii/yii/framework/web/actions/CInlineAction.php(49): SiteController->actionFind()
#4 /var/www/html/yii/yii/framework/web/CController.php(308): CInlineAction->runWithParams(Array)
#5 /var/www/html/yii/yii/framework/web/CController.php(286): CController->runAction(Object(CInlineAction))
#6 /var/www/html/yii/yii/framework/web/CController.php(265): CController->runActionWithFilters(Object(CInlineAction), Array)
#7 /var/www/html/yii/yii/framework/web/CWebApplication.php(282): CController->run('find')
#8 /var/www/html/yii/yii/framework/web/CWebApplication.php(141): CWebApplication->runController('site/find')
#9 /var/www/html/yii/yii/framework/base/CApplication.php(169): CWebApplication->processRequest()
#10 /var/www/html/yii/index.php(13): CApplication->run()
#11 {main}
REQUEST_URI=/yii/found
HTTP_REFERER=http://localhost/yii/contacts
---
2017/04/08 11:55:09 [error] [system.db.CDbCommand] Не удалось выполнить CDbCommand::fetchAll(): SQLSTATE[42000]: Syntax error or access violation: 1064 You have an error in your SQL syntax; check the manual that corresponds to your MySQL server version for the right syntax to use near '' at line 1. Выполнявшийся SQL-запрос: SELECT * FROM shiny WHERE .
in /var/www/html/yii/protected/models/Menu.php (197)
in /var/www/html/yii/protected/controllers/SiteController.php (124)
in /var/www/html/yii/index.php (13)
2017/04/08 11:55:09 [error] [exception.CDbException] exception 'CDbException' with message 'CDbCommand не удалось исполнить SQL-запрос: SQLSTATE[42000]: Syntax error or access violation: 1064 You have an error in your SQL syntax; check the manual that corresponds to your MySQL server version for the right syntax to use near '' at line 1. The SQL statement executed was: SELECT * FROM shiny WHERE ' in /var/www/html/yii/yii/framework/db/CDbCommand.php:541
Stack trace:
#0 /var/www/html/yii/yii/framework/db/CDbCommand.php(395): CDbCommand->queryInternal('fetchAll', Array, Array)
#1 /var/www/html/yii/protected/models/Menu.php(197): CDbCommand->queryAll()
#2 /var/www/html/yii/protected/controllers/SiteController.php(124): Menu->selectDiamWidthHeight('0', '0', '0', 0, 0, 0)
#3 /var/www/html/yii/yii/framework/web/actions/CInlineAction.php(49): SiteController->actionFind()
#4 /var/www/html/yii/yii/framework/web/CController.php(308): CInlineAction->runWithParams(Array)
#5 /var/www/html/yii/yii/framework/web/CController.php(286): CController->runAction(Object(CInlineAction))
#6 /var/www/html/yii/yii/framework/web/CController.php(265): CController->runActionWithFilters(Object(CInlineAction), Array)
#7 /var/www/html/yii/yii/framework/web/CWebApplication.php(282): CController->run('find')
#8 /var/www/html/yii/yii/framework/web/CWebApplication.php(141): CWebApplication->runController('site/find')
#9 /var/www/html/yii/yii/framework/base/CApplication.php(169): CWebApplication->processRequest()
#10 /var/www/html/yii/index.php(13): CApplication->run()
#11 {main}
REQUEST_URI=/yii/found
HTTP_REFERER=http://localhost/yii/contacts
---
2017/04/08 11:58:58 [error] [php] Invalid argument supplied for foreach() (/var/www/html/yii/protected/views/site/find.php:166)
Stack trace:
#0 /var/www/html/yii/yii/framework/web/CController.php(869): SiteController->renderFile()
#1 /var/www/html/yii/yii/framework/web/CController.php(782): SiteController->renderPartial()
#2 /var/www/html/yii/protected/controllers/SiteController.php(125): SiteController->render()
#3 /var/www/html/yii/yii/framework/web/actions/CInlineAction.php(49): SiteController->actionFind()
#4 /var/www/html/yii/yii/framework/web/CController.php(308): CInlineAction->runWithParams()
#5 /var/www/html/yii/yii/framework/web/CController.php(286): SiteController->runAction()
#6 /var/www/html/yii/yii/framework/web/CController.php(265): SiteController->runActionWithFilters()
#7 /var/www/html/yii/yii/framework/web/CWebApplication.php(282): SiteController->run()
#8 /var/www/html/yii/yii/framework/web/CWebApplication.php(141): CWebApplication->runController()
#9 /var/www/html/yii/yii/framework/base/CApplication.php(169): CWebApplication->processRequest()
#10 /var/www/html/yii/index.php(13): CWebApplication->run()
REQUEST_URI=/yii/found
in /var/www/html/yii/protected/views/site/find.php (166)
in /var/www/html/yii/protected/controllers/SiteController.php (125)
in /var/www/html/yii/index.php (13)
2017/04/08 12:00:37 [error] [php] Invalid argument supplied for foreach() (/var/www/html/yii/protected/views/site/find.php:167)
Stack trace:
#0 /var/www/html/yii/yii/framework/web/CController.php(869): SiteController->renderFile()
#1 /var/www/html/yii/yii/framework/web/CController.php(782): SiteController->renderPartial()
#2 /var/www/html/yii/protected/controllers/SiteController.php(125): SiteController->render()
#3 /var/www/html/yii/yii/framework/web/actions/CInlineAction.php(49): SiteController->actionFind()
#4 /var/www/html/yii/yii/framework/web/CController.php(308): CInlineAction->runWithParams()
#5 /var/www/html/yii/yii/framework/web/CController.php(286): SiteController->runAction()
#6 /var/www/html/yii/yii/framework/web/CController.php(265): SiteController->runActionWithFilters()
#7 /var/www/html/yii/yii/framework/web/CWebApplication.php(282): SiteController->run()
#8 /var/www/html/yii/yii/framework/web/CWebApplication.php(141): CWebApplication->runController()
#9 /var/www/html/yii/yii/framework/base/CApplication.php(169): CWebApplication->processRequest()
#10 /var/www/html/yii/index.php(13): CWebApplication->run()
REQUEST_URI=/yii/found
in /var/www/html/yii/protected/views/site/find.php (167)
in /var/www/html/yii/protected/controllers/SiteController.php (125)
in /var/www/html/yii/index.php (13)
2017/04/08 12:01:50 [error] [php] Invalid argument supplied for foreach() (/var/www/html/yii/protected/views/site/find.php:167)
Stack trace:
#0 /var/www/html/yii/yii/framework/web/CController.php(869): SiteController->renderFile()
#1 /var/www/html/yii/yii/framework/web/CController.php(782): SiteController->renderPartial()
#2 /var/www/html/yii/protected/controllers/SiteController.php(125): SiteController->render()
#3 /var/www/html/yii/yii/framework/web/actions/CInlineAction.php(49): SiteController->actionFind()
#4 /var/www/html/yii/yii/framework/web/CController.php(308): CInlineAction->runWithParams()
#5 /var/www/html/yii/yii/framework/web/CController.php(286): SiteController->runAction()
#6 /var/www/html/yii/yii/framework/web/CController.php(265): SiteController->runActionWithFilters()
#7 /var/www/html/yii/yii/framework/web/CWebApplication.php(282): SiteController->run()
#8 /var/www/html/yii/yii/framework/web/CWebApplication.php(141): CWebApplication->runController()
#9 /var/www/html/yii/yii/framework/base/CApplication.php(169): CWebApplication->processRequest()
#10 /var/www/html/yii/index.php(13): CWebApplication->run()
REQUEST_URI=/yii/found
in /var/www/html/yii/protected/views/site/find.php (167)
in /var/www/html/yii/protected/controllers/SiteController.php (125)
in /var/www/html/yii/index.php (13)
2017/04/11 14:25:18 [error] [exception.CHttpException.404] exception 'CHttpException' with message 'Невозможно обработать запрос "img/favicon.ico".' in /var/www/html/yii/yii/framework/web/CWebApplication.php:286
Stack trace:
#0 /var/www/html/yii/yii/framework/web/CWebApplication.php(141): CWebApplication->runController('img/favicon.ico')
#1 /var/www/html/yii/yii/framework/base/CApplication.php(169): CWebApplication->processRequest()
#2 /var/www/html/yii/index.php(13): CApplication->run()
#3 {main}
REQUEST_URI=/yii/img/favicon.ico
HTTP_REFERER=http://localhost/yii/contacts
---
2017/04/11 14:25:53 [error] [exception.CHttpException.404] exception 'CHttpException' with message 'Невозможно обработать запрос "images/all_seasons.png".' in /var/www/html/yii/yii/framework/web/CWebApplication.php:286
Stack trace:
#0 /var/www/html/yii/yii/framework/web/CWebApplication.php(141): CWebApplication->runController('images/all_seas...')
#1 /var/www/html/yii/yii/framework/base/CApplication.php(169): CWebApplication->processRequest()
#2 /var/www/html/yii/index.php(13): CApplication->run()
#3 {main}
REQUEST_URI=/yii/images/all_seasons.png
HTTP_REFERER=http://localhost/yii/found
---
2017/04/11 14:28:19 [error] [exception.CHttpException.404] exception 'CHttpException' with message 'Невозможно обработать запрос "images/all_seasons.png".' in /var/www/html/yii/yii/framework/web/CWebApplication.php:286
Stack trace:
#0 /var/www/html/yii/yii/framework/web/CWebApplication.php(141): CWebApplication->runController('images/all_seas...')
#1 /var/www/html/yii/yii/framework/base/CApplication.php(169): CWebApplication->processRequest()
#2 /var/www/html/yii/index.php(13): CApplication->run()
#3 {main}
REQUEST_URI=/yii/images/all_seasons.png
HTTP_REFERER=http://localhost/yii/found
---
2017/04/11 14:28:19 [error] [exception.CHttpException.404] exception 'CHttpException' with message 'Невозможно обработать запрос "images/all_seasons.png".' in /var/www/html/yii/yii/framework/web/CWebApplication.php:286
Stack trace:
#0 /var/www/html/yii/yii/framework/web/CWebApplication.php(141): CWebApplication->runController('images/all_seas...')
#1 /var/www/html/yii/yii/framework/base/CApplication.php(169): CWebApplication->processRequest()
#2 /var/www/html/yii/index.php(13): CApplication->run()
#3 {main}
REQUEST_URI=/yii/images/all_seasons.png
HTTP_REFERER=http://localhost/yii/found
---
2017/04/11 14:28:27 [error] [exception.CHttpException.404] exception 'CHttpException' with message 'Невозможно обработать запрос "images/all_seasons.png".' in /var/www/html/yii/yii/framework/web/CWebApplication.php:286
Stack trace:
#0 /var/www/html/yii/yii/framework/web/CWebApplication.php(141): CWebApplication->runController('images/all_seas...')
#1 /var/www/html/yii/yii/framework/base/CApplication.php(169): CWebApplication->processRequest()
#2 /var/www/html/yii/index.php(13): CApplication->run()
#3 {main}
REQUEST_URI=/yii/images/all_seasons.png
HTTP_REFERER=http://localhost/yii/found
---
2017/04/11 14:28:27 [error] [exception.CHttpException.404] exception 'CHttpException' with message 'Невозможно обработать запрос "images/all_seasons.png".' in /var/www/html/yii/yii/framework/web/CWebApplication.php:286
Stack trace:
#0 /var/www/html/yii/yii/framework/web/CWebApplication.php(141): CWebApplication->runController('images/all_seas...')
#1 /var/www/html/yii/yii/framework/base/CApplication.php(169): CWebApplication->processRequest()
#2 /var/www/html/yii/index.php(13): CApplication->run()
#3 {main}
REQUEST_URI=/yii/images/all_seasons.png
HTTP_REFERER=http://localhost/yii/found
---
2017/04/11 14:28:33 [error] [exception.CHttpException.404] exception 'CHttpException' with message 'Невозможно обработать запрос "images/all_seasons.png".' in /var/www/html/yii/yii/framework/web/CWebApplication.php:286
Stack trace:
#0 /var/www/html/yii/yii/framework/web/CWebApplication.php(141): CWebApplication->runController('images/all_seas...')
#1 /var/www/html/yii/yii/framework/base/CApplication.php(169): CWebApplication->processRequest()
#2 /var/www/html/yii/index.php(13): CApplication->run()
#3 {main}
REQUEST_URI=/yii/images/all_seasons.png
HTTP_REFERER=http://localhost/yii/found
---
2017/04/11 14:28:33 [error] [exception.CHttpException.404] exception 'CHttpException' with message 'Невозможно обработать запрос "images/all_seasons.png".' in /var/www/html/yii/yii/framework/web/CWebApplication.php:286
Stack trace:
#0 /var/www/html/yii/yii/framework/web/CWebApplication.php(141): CWebApplication->runController('images/all_seas...')
#1 /var/www/html/yii/yii/framework/base/CApplication.php(169): CWebApplication->processRequest()
#2 /var/www/html/yii/index.php(13): CApplication->run()
#3 {main}
REQUEST_URI=/yii/images/all_seasons.png
HTTP_REFERER=http://localhost/yii/found
---
2017/04/11 14:28:42 [error] [exception.CHttpException.404] exception 'CHttpException' with message 'Невозможно обработать запрос "images/all_seasons.png".' in /var/www/html/yii/yii/framework/web/CWebApplication.php:286
Stack trace:
#0 /var/www/html/yii/yii/framework/web/CWebApplication.php(141): CWebApplication->runController('images/all_seas...')
#1 /var/www/html/yii/yii/framework/base/CApplication.php(169): CWebApplication->processRequest()
#2 /var/www/html/yii/index.php(13): CApplication->run()
#3 {main}
REQUEST_URI=/yii/images/all_seasons.png
HTTP_REFERER=http://localhost/yii/found
---
2017/04/11 14:28:42 [error] [exception.CHttpException.404] exception 'CHttpException' with message 'Невозможно обработать запрос "images/all_seasons.png".' in /var/www/html/yii/yii/framework/web/CWebApplication.php:286
Stack trace:
#0 /var/www/html/yii/yii/framework/web/CWebApplication.php(141): CWebApplication->runController('images/all_seas...')
#1 /var/www/html/yii/yii/framework/base/CApplication.php(169): CWebApplication->processRequest()
#2 /var/www/html/yii/index.php(13): CApplication->run()
#3 {main}
REQUEST_URI=/yii/images/all_seasons.png
HTTP_REFERER=http://localhost/yii/found
---
2017/04/11 14:29:43 [error] [exception.CHttpException.404] exception 'CHttpException' with message 'Невозможно обработать запрос "images/all_seasons.png".' in /var/www/html/yii/yii/framework/web/CWebApplication.php:286
Stack trace:
#0 /var/www/html/yii/yii/framework/web/CWebApplication.php(141): CWebApplication->runController('images/all_seas...')
#1 /var/www/html/yii/yii/framework/base/CApplication.php(169): CWebApplication->processRequest()
#2 /var/www/html/yii/index.php(13): CApplication->run()
#3 {main}
REQUEST_URI=/yii/images/all_seasons.png
HTTP_REFERER=http://localhost/yii/found
---
2017/04/11 14:29:43 [error] [exception.CHttpException.404] exception 'CHttpException' with message 'Невозможно обработать запрос "images/all_seasons.png".' in /var/www/html/yii/yii/framework/web/CWebApplication.php:286
Stack trace:
#0 /var/www/html/yii/yii/framework/web/CWebApplication.php(141): CWebApplication->runController('images/all_seas...')
#1 /var/www/html/yii/yii/framework/base/CApplication.php(169): CWebApplication->processRequest()
#2 /var/www/html/yii/index.php(13): CApplication->run()
#3 {main}
REQUEST_URI=/yii/images/all_seasons.png
HTTP_REFERER=http://localhost/yii/found
---
2017/04/11 14:30:26 [error] [exception.CHttpException.404] exception 'CHttpException' with message 'Невозможно обработать запрос "images/all_seasons.png".' in /var/www/html/yii/yii/framework/web/CWebApplication.php:286
Stack trace:
#0 /var/www/html/yii/yii/framework/web/CWebApplication.php(141): CWebApplication->runController('images/all_seas...')
#1 /var/www/html/yii/yii/framework/base/CApplication.php(169): CWebApplication->processRequest()
#2 /var/www/html/yii/index.php(13): CApplication->run()
#3 {main}
REQUEST_URI=/yii/images/all_seasons.png
HTTP_REFERER=http://localhost/yii/found
---
2017/04/11 14:30:26 [error] [exception.CHttpException.404] exception 'CHttpException' with message 'Невозможно обработать запрос "images/all_seasons.png".' in /var/www/html/yii/yii/framework/web/CWebApplication.php:286
Stack trace:
#0 /var/www/html/yii/yii/framework/web/CWebApplication.php(141): CWebApplication->runController('images/all_seas...')
#1 /var/www/html/yii/yii/framework/base/CApplication.php(169): CWebApplication->processRequest()
#2 /var/www/html/yii/index.php(13): CApplication->run()
#3 {main}
REQUEST_URI=/yii/images/all_seasons.png
HTTP_REFERER=http://localhost/yii/found
---
2017/04/11 15:07:25 [error] [system.db.CDbCommand] Не удалось выполнить CDbCommand::fetchAll(): SQLSTATE[42000]: Syntax error or access violation: 1064 You have an error in your SQL syntax; check the manual that corresponds to your MySQL server version for the right syntax to use near '' at line 1. Выполнявшийся SQL-запрос: SELECT * FROM shiny WHERE .
in /var/www/html/yii/protected/models/Menu.php (197)
in /var/www/html/yii/protected/controllers/SiteController.php (114)
in /var/www/html/yii/index.php (13)
2017/04/11 15:07:25 [error] [exception.CDbException] exception 'CDbException' with message 'CDbCommand не удалось исполнить SQL-запрос: SQLSTATE[42000]: Syntax error or access violation: 1064 You have an error in your SQL syntax; check the manual that corresponds to your MySQL server version for the right syntax to use near '' at line 1. The SQL statement executed was: SELECT * FROM shiny WHERE ' in /var/www/html/yii/yii/framework/db/CDbCommand.php:541
Stack trace:
#0 /var/www/html/yii/yii/framework/db/CDbCommand.php(395): CDbCommand->queryInternal('fetchAll', Array, Array)
#1 /var/www/html/yii/protected/models/Menu.php(197): CDbCommand->queryAll()
#2 /var/www/html/yii/protected/controllers/SiteController.php(114): Menu->selectDiamWidthHeight('0', '0', '0', 0, 0, 0)
#3 /var/www/html/yii/yii/framework/web/actions/CInlineAction.php(49): SiteController->actionFind()
#4 /var/www/html/yii/yii/framework/web/CController.php(308): CInlineAction->runWithParams(Array)
#5 /var/www/html/yii/yii/framework/web/CController.php(286): CController->runAction(Object(CInlineAction))
#6 /var/www/html/yii/yii/framework/web/CController.php(265): CController->runActionWithFilters(Object(CInlineAction), Array)
#7 /var/www/html/yii/yii/framework/web/CWebApplication.php(282): CController->run('find')
#8 /var/www/html/yii/yii/framework/web/CWebApplication.php(141): CWebApplication->runController('site/find')
#9 /var/www/html/yii/yii/framework/base/CApplication.php(169): CWebApplication->processRequest()
#10 /var/www/html/yii/index.php(13): CApplication->run()
#11 {main}
REQUEST_URI=/yii/found
HTTP_REFERER=http://localhost/yii/contacts
---
2017/04/11 15:07:52 [error] [system.db.CDbCommand] Не удалось выполнить CDbCommand::fetchAll(): SQLSTATE[42000]: Syntax error or access violation: 1064 You have an error in your SQL syntax; check the manual that corresponds to your MySQL server version for the right syntax to use near '' at line 1. Выполнявшийся SQL-запрос: SELECT * FROM shiny WHERE .
in /var/www/html/yii/protected/models/Menu.php (197)
in /var/www/html/yii/protected/controllers/SiteController.php (114)
in /var/www/html/yii/index.php (13)
2017/04/11 15:07:52 [error] [exception.CDbException] exception 'CDbException' with message 'CDbCommand не удалось исполнить SQL-запрос: SQLSTATE[42000]: Syntax error or access violation: 1064 You have an error in your SQL syntax; check the manual that corresponds to your MySQL server version for the right syntax to use near '' at line 1. The SQL statement executed was: SELECT * FROM shiny WHERE ' in /var/www/html/yii/yii/framework/db/CDbCommand.php:541
Stack trace:
#0 /var/www/html/yii/yii/framework/db/CDbCommand.php(395): CDbCommand->queryInternal('fetchAll', Array, Array)
#1 /var/www/html/yii/protected/models/Menu.php(197): CDbCommand->queryAll()
#2 /var/www/html/yii/protected/controllers/SiteController.php(114): Menu->selectDiamWidthHeight('0', '0', '0', 0, 0, 0)
#3 /var/www/html/yii/yii/framework/web/actions/CInlineAction.php(49): SiteController->actionFind()
#4 /var/www/html/yii/yii/framework/web/CController.php(308): CInlineAction->runWithParams(Array)
#5 /var/www/html/yii/yii/framework/web/CController.php(286): CController->runAction(Object(CInlineAction))
#6 /var/www/html/yii/yii/framework/web/CController.php(265): CController->runActionWithFilters(Object(CInlineAction), Array)
#7 /var/www/html/yii/yii/framework/web/CWebApplication.php(282): CController->run('find')
#8 /var/www/html/yii/yii/framework/web/CWebApplication.php(141): CWebApplication->runController('site/find')
#9 /var/www/html/yii/yii/framework/base/CApplication.php(169): CWebApplication->processRequest()
#10 /var/www/html/yii/index.php(13): CApplication->run()
#11 {main}
REQUEST_URI=/yii/found
HTTP_REFERER=http://localhost/yii/contacts
---
2017/04/11 15:08:28 [error] [system.db.CDbCommand] Не удалось выполнить CDbCommand::fetchAll(): SQLSTATE[42000]: Syntax error or access violation: 1064 You have an error in your SQL syntax; check the manual that corresponds to your MySQL server version for the right syntax to use near '' at line 1. Выполнявшийся SQL-запрос: SELECT * FROM shiny WHERE .
in /var/www/html/yii/protected/models/Menu.php (197)
in /var/www/html/yii/protected/controllers/SiteController.php (114)
in /var/www/html/yii/index.php (13)
2017/04/11 15:08:28 [error] [exception.CDbException] exception 'CDbException' with message 'CDbCommand не удалось исполнить SQL-запрос: SQLSTATE[42000]: Syntax error or access violation: 1064 You have an error in your SQL syntax; check the manual that corresponds to your MySQL server version for the right syntax to use near '' at line 1. The SQL statement executed was: SELECT * FROM shiny WHERE ' in /var/www/html/yii/yii/framework/db/CDbCommand.php:541
Stack trace:
#0 /var/www/html/yii/yii/framework/db/CDbCommand.php(395): CDbCommand->queryInternal('fetchAll', Array, Array)
#1 /var/www/html/yii/protected/models/Menu.php(197): CDbCommand->queryAll()
#2 /var/www/html/yii/protected/controllers/SiteController.php(114): Menu->selectDiamWidthHeight('0', '0', '0', 0, 0, 0)
#3 /var/www/html/yii/yii/framework/web/actions/CInlineAction.php(49): SiteController->actionFind()
#4 /var/www/html/yii/yii/framework/web/CController.php(308): CInlineAction->runWithParams(Array)
#5 /var/www/html/yii/yii/framework/web/CController.php(286): CController->runAction(Object(CInlineAction))
#6 /var/www/html/yii/yii/framework/web/CController.php(265): CController->runActionWithFilters(Object(CInlineAction), Array)
#7 /var/www/html/yii/yii/framework/web/CWebApplication.php(282): CController->run('find')
#8 /var/www/html/yii/yii/framework/web/CWebApplication.php(141): CWebApplication->runController('site/find')
#9 /var/www/html/yii/yii/framework/base/CApplication.php(169): CWebApplication->processRequest()
#10 /var/www/html/yii/index.php(13): CApplication->run()
#11 {main}
REQUEST_URI=/yii/found
HTTP_REFERER=http://localhost/yii/contacts
---
2017/04/11 15:08:35 [error] [system.db.CDbCommand] Не удалось выполнить CDbCommand::fetchAll(): SQLSTATE[42000]: Syntax error or access violation: 1064 You have an error in your SQL syntax; check the manual that corresponds to your MySQL server version for the right syntax to use near '' at line 1. Выполнявшийся SQL-запрос: SELECT * FROM shiny WHERE .
in /var/www/html/yii/protected/models/Menu.php (197)
in /var/www/html/yii/protected/controllers/SiteController.php (114)
in /var/www/html/yii/index.php (13)
2017/04/11 15:08:35 [error] [exception.CDbException] exception 'CDbException' with message 'CDbCommand не удалось исполнить SQL-запрос: SQLSTATE[42000]: Syntax error or access violation: 1064 You have an error in your SQL syntax; check the manual that corresponds to your MySQL server version for the right syntax to use near '' at line 1. The SQL statement executed was: SELECT * FROM shiny WHERE ' in /var/www/html/yii/yii/framework/db/CDbCommand.php:541
Stack trace:
#0 /var/www/html/yii/yii/framework/db/CDbCommand.php(395): CDbCommand->queryInternal('fetchAll', Array, Array)
#1 /var/www/html/yii/protected/models/Menu.php(197): CDbCommand->queryAll()
#2 /var/www/html/yii/protected/controllers/SiteController.php(114): Menu->selectDiamWidthHeight('0', '0', '0', 0, 0, 0)
#3 /var/www/html/yii/yii/framework/web/actions/CInlineAction.php(49): SiteController->actionFind()
#4 /var/www/html/yii/yii/framework/web/CController.php(308): CInlineAction->runWithParams(Array)
#5 /var/www/html/yii/yii/framework/web/CController.php(286): CController->runAction(Object(CInlineAction))
#6 /var/www/html/yii/yii/framework/web/CController.php(265): CController->runActionWithFilters(Object(CInlineAction), Array)
#7 /var/www/html/yii/yii/framework/web/CWebApplication.php(282): CController->run('find')
#8 /var/www/html/yii/yii/framework/web/CWebApplication.php(141): CWebApplication->runController('site/find')
#9 /var/www/html/yii/yii/framework/base/CApplication.php(169): CWebApplication->processRequest()
#10 /var/www/html/yii/index.php(13): CApplication->run()
#11 {main}
REQUEST_URI=/yii/found
HTTP_REFERER=http://localhost/yii/contacts
---
2017/04/11 15:09:00 [error] [system.db.CDbCommand] Не удалось выполнить CDbCommand::fetchAll(): SQLSTATE[42000]: Syntax error or access violation: 1064 You have an error in your SQL syntax; check the manual that corresponds to your MySQL server version for the right syntax to use near '' at line 1. Выполнявшийся SQL-запрос: SELECT * FROM shiny WHERE .
in /var/www/html/yii/protected/models/Menu.php (197)
in /var/www/html/yii/protected/controllers/SiteController.php (114)
in /var/www/html/yii/index.php (13)
2017/04/11 15:09:00 [error] [exception.CDbException] exception 'CDbException' with message 'CDbCommand не удалось исполнить SQL-запрос: SQLSTATE[42000]: Syntax error or access violation: 1064 You have an error in your SQL syntax; check the manual that corresponds to your MySQL server version for the right syntax to use near '' at line 1. The SQL statement executed was: SELECT * FROM shiny WHERE ' in /var/www/html/yii/yii/framework/db/CDbCommand.php:541
Stack trace:
#0 /var/www/html/yii/yii/framework/db/CDbCommand.php(395): CDbCommand->queryInternal('fetchAll', Array, Array)
#1 /var/www/html/yii/protected/models/Menu.php(197): CDbCommand->queryAll()
#2 /var/www/html/yii/protected/controllers/SiteController.php(114): Menu->selectDiamWidthHeight('0', '0', '0', 0, 0, 0)
#3 /var/www/html/yii/yii/framework/web/actions/CInlineAction.php(49): SiteController->actionFind()
#4 /var/www/html/yii/yii/framework/web/CController.php(308): CInlineAction->runWithParams(Array)
#5 /var/www/html/yii/yii/framework/web/CController.php(286): CController->runAction(Object(CInlineAction))
#6 /var/www/html/yii/yii/framework/web/CController.php(265): CController->runActionWithFilters(Object(CInlineAction), Array)
#7 /var/www/html/yii/yii/framework/web/CWebApplication.php(282): CController->run('find')
#8 /var/www/html/yii/yii/framework/web/CWebApplication.php(141): CWebApplication->runController('site/find')
#9 /var/www/html/yii/yii/framework/base/CApplication.php(169): CWebApplication->processRequest()
#10 /var/www/html/yii/index.php(13): CApplication->run()
#11 {main}
REQUEST_URI=/yii/found
HTTP_REFERER=http://localhost/yii/contacts
---
2017/04/11 15:09:35 [error] [system.db.CDbCommand] Не удалось выполнить CDbCommand::fetchAll(): SQLSTATE[42000]: Syntax error or access violation: 1064 You have an error in your SQL syntax; check the manual that corresponds to your MySQL server version for the right syntax to use near '' at line 1. Выполнявшийся SQL-запрос: SELECT * FROM shiny WHERE .
in /var/www/html/yii/protected/models/Menu.php (197)
in /var/www/html/yii/protected/controllers/SiteController.php (114)
in /var/www/html/yii/index.php (13)
2017/04/11 15:09:35 [error] [exception.CDbException] exception 'CDbException' with message 'CDbCommand не удалось исполнить SQL-запрос: SQLSTATE[42000]: Syntax error or access violation: 1064 You have an error in your SQL syntax; check the manual that corresponds to your MySQL server version for the right syntax to use near '' at line 1. The SQL statement executed was: SELECT * FROM shiny WHERE ' in /var/www/html/yii/yii/framework/db/CDbCommand.php:541
Stack trace:
#0 /var/www/html/yii/yii/framework/db/CDbCommand.php(395): CDbCommand->queryInternal('fetchAll', Array, Array)
#1 /var/www/html/yii/protected/models/Menu.php(197): CDbCommand->queryAll()
#2 /var/www/html/yii/protected/controllers/SiteController.php(114): Menu->selectDiamWidthHeight('0', '0', '0', 0, 0, 0)
#3 /var/www/html/yii/yii/framework/web/actions/CInlineAction.php(49): SiteController->actionFind()
#4 /var/www/html/yii/yii/framework/web/CController.php(308): CInlineAction->runWithParams(Array)
#5 /var/www/html/yii/yii/framework/web/CController.php(286): CController->runAction(Object(CInlineAction))
#6 /var/www/html/yii/yii/framework/web/CController.php(265): CController->runActionWithFilters(Object(CInlineAction), Array)
#7 /var/www/html/yii/yii/framework/web/CWebApplication.php(282): CController->run('find')
#8 /var/www/html/yii/yii/framework/web/CWebApplication.php(141): CWebApplication->runController('site/find')
#9 /var/www/html/yii/yii/framework/base/CApplication.php(169): CWebApplication->processRequest()
#10 /var/www/html/yii/index.php(13): CApplication->run()
#11 {main}
REQUEST_URI=/yii/found
HTTP_REFERER=http://localhost/yii/contacts
---
2017/04/11 15:12:23 [error] [system.db.CDbCommand] Не удалось выполнить CDbCommand::fetchAll(): SQLSTATE[42000]: Syntax error or access violation: 1064 You have an error in your SQL syntax; check the manual that corresponds to your MySQL server version for the right syntax to use near '' at line 1. Выполнявшийся SQL-запрос: SELECT * FROM shiny WHERE .
in /var/www/html/yii/protected/models/Menu.php (197)
in /var/www/html/yii/protected/controllers/SiteController.php (126)
in /var/www/html/yii/index.php (13)
2017/04/11 15:12:23 [error] [exception.CDbException] exception 'CDbException' with message 'CDbCommand не удалось исполнить SQL-запрос: SQLSTATE[42000]: Syntax error or access violation: 1064 You have an error in your SQL syntax; check the manual that corresponds to your MySQL server version for the right syntax to use near '' at line 1. The SQL statement executed was: SELECT * FROM shiny WHERE ' in /var/www/html/yii/yii/framework/db/CDbCommand.php:541
Stack trace:
#0 /var/www/html/yii/yii/framework/db/CDbCommand.php(395): CDbCommand->queryInternal('fetchAll', Array, Array)
#1 /var/www/html/yii/protected/models/Menu.php(197): CDbCommand->queryAll()
#2 /var/www/html/yii/protected/controllers/SiteController.php(126): Menu->selectDiamWidthHeight(0, 0, 0, 0, 0, 0)
#3 /var/www/html/yii/yii/framework/web/actions/CInlineAction.php(49): SiteController->actionFind()
#4 /var/www/html/yii/yii/framework/web/CController.php(308): CInlineAction->runWithParams(Array)
#5 /var/www/html/yii/yii/framework/web/CController.php(286): CController->runAction(Object(CInlineAction))
#6 /var/www/html/yii/yii/framework/web/CController.php(265): CController->runActionWithFilters(Object(CInlineAction), Array)
#7 /var/www/html/yii/yii/framework/web/CWebApplication.php(282): CController->run('find')
#8 /var/www/html/yii/yii/framework/web/CWebApplication.php(141): CWebApplication->runController('site/find')
#9 /var/www/html/yii/yii/framework/base/CApplication.php(169): CWebApplication->processRequest()
#10 /var/www/html/yii/index.php(13): CApplication->run()
#11 {main}
REQUEST_URI=/yii/found
HTTP_REFERER=http://localhost/yii/contacts
---
2017/04/11 15:12:28 [error] [system.db.CDbCommand] Не удалось выполнить CDbCommand::fetchAll(): SQLSTATE[42000]: Syntax error or access violation: 1064 You have an error in your SQL syntax; check the manual that corresponds to your MySQL server version for the right syntax to use near '' at line 1. Выполнявшийся SQL-запрос: SELECT * FROM shiny WHERE .
in /var/www/html/yii/protected/models/Menu.php (197)
in /var/www/html/yii/protected/controllers/SiteController.php (126)
in /var/www/html/yii/index.php (13)
2017/04/11 15:12:28 [error] [exception.CDbException] exception 'CDbException' with message 'CDbCommand не удалось исполнить SQL-запрос: SQLSTATE[42000]: Syntax error or access violation: 1064 You have an error in your SQL syntax; check the manual that corresponds to your MySQL server version for the right syntax to use near '' at line 1. The SQL statement executed was: SELECT * FROM shiny WHERE ' in /var/www/html/yii/yii/framework/db/CDbCommand.php:541
Stack trace:
#0 /var/www/html/yii/yii/framework/db/CDbCommand.php(395): CDbCommand->queryInternal('fetchAll', Array, Array)
#1 /var/www/html/yii/protected/models/Menu.php(197): CDbCommand->queryAll()
#2 /var/www/html/yii/protected/controllers/SiteController.php(126): Menu->selectDiamWidthHeight(0, 0, 0, 0, 0, 0)
#3 /var/www/html/yii/yii/framework/web/actions/CInlineAction.php(49): SiteController->actionFind()
#4 /var/www/html/yii/yii/framework/web/CController.php(308): CInlineAction->runWithParams(Array)
#5 /var/www/html/yii/yii/framework/web/CController.php(286): CController->runAction(Object(CInlineAction))
#6 /var/www/html/yii/yii/framework/web/CController.php(265): CController->runActionWithFilters(Object(CInlineAction), Array)
#7 /var/www/html/yii/yii/framework/web/CWebApplication.php(282): CController->run('find')
#8 /var/www/html/yii/yii/framework/web/CWebApplication.php(141): CWebApplication->runController('site/find')
#9 /var/www/html/yii/yii/framework/base/CApplication.php(169): CWebApplication->processRequest()
#10 /var/www/html/yii/index.php(13): CApplication->run()
#11 {main}
REQUEST_URI=/yii/found
HTTP_REFERER=http://localhost/yii/contacts
---
2017/04/11 15:12:36 [error] [exception.CHttpException.404] exception 'CHttpException' with message 'Невозможно обработать запрос "img/favicon.ico".' in /var/www/html/yii/yii/framework/web/CWebApplication.php:286
Stack trace:
#0 /var/www/html/yii/yii/framework/web/CWebApplication.php(141): CWebApplication->runController('img/favicon.ico')
#1 /var/www/html/yii/yii/framework/base/CApplication.php(169): CWebApplication->processRequest()
#2 /var/www/html/yii/index.php(13): CApplication->run()
#3 {main}
REQUEST_URI=/yii/img/favicon.ico
HTTP_REFERER=http://localhost/yii/contacts
---
2017/04/11 15:12:37 [error] [exception.CHttpException.404] exception 'CHttpException' with message 'Невозможно обработать запрос "img/favicon.ico".' in /var/www/html/yii/yii/framework/web/CWebApplication.php:286
Stack trace:
#0 /var/www/html/yii/yii/framework/web/CWebApplication.php(141): CWebApplication->runController('img/favicon.ico')
#1 /var/www/html/yii/yii/framework/base/CApplication.php(169): CWebApplication->processRequest()
#2 /var/www/html/yii/index.php(13): CApplication->run()
#3 {main}
REQUEST_URI=/yii/img/favicon.ico
HTTP_REFERER=http://localhost/yii/contacts
---
2017/04/11 15:12:41 [error] [system.db.CDbCommand] Не удалось выполнить CDbCommand::fetchAll(): SQLSTATE[42000]: Syntax error or access violation: 1064 You have an error in your SQL syntax; check the manual that corresponds to your MySQL server version for the right syntax to use near '' at line 1. Выполнявшийся SQL-запрос: SELECT * FROM shiny WHERE .
in /var/www/html/yii/protected/models/Menu.php (197)
in /var/www/html/yii/protected/controllers/SiteController.php (126)
in /var/www/html/yii/index.php (13)
2017/04/11 15:12:41 [error] [exception.CDbException] exception 'CDbException' with message 'CDbCommand не удалось исполнить SQL-запрос: SQLSTATE[42000]: Syntax error or access violation: 1064 You have an error in your SQL syntax; check the manual that corresponds to your MySQL server version for the right syntax to use near '' at line 1. The SQL statement executed was: SELECT * FROM shiny WHERE ' in /var/www/html/yii/yii/framework/db/CDbCommand.php:541
Stack trace:
#0 /var/www/html/yii/yii/framework/db/CDbCommand.php(395): CDbCommand->queryInternal('fetchAll', Array, Array)
#1 /var/www/html/yii/protected/models/Menu.php(197): CDbCommand->queryAll()
#2 /var/www/html/yii/protected/controllers/SiteController.php(126): Menu->selectDiamWidthHeight(0, 0, 0, 0, 0, 0)
#3 /var/www/html/yii/yii/framework/web/actions/CInlineAction.php(49): SiteController->actionFind()
#4 /var/www/html/yii/yii/framework/web/CController.php(308): CInlineAction->runWithParams(Array)
#5 /var/www/html/yii/yii/framework/web/CController.php(286): CController->runAction(Object(CInlineAction))
#6 /var/www/html/yii/yii/framework/web/CController.php(265): CController->runActionWithFilters(Object(CInlineAction), Array)
#7 /var/www/html/yii/yii/framework/web/CWebApplication.php(282): CController->run('find')
#8 /var/www/html/yii/yii/framework/web/CWebApplication.php(141): CWebApplication->runController('site/find')
#9 /var/www/html/yii/yii/framework/base/CApplication.php(169): CWebApplication->processRequest()
#10 /var/www/html/yii/index.php(13): CApplication->run()
#11 {main}
REQUEST_URI=/yii/found
HTTP_REFERER=http://localhost/yii/contacts
---
2017/04/11 15:17:13 [error] [system.db.CDbCommand] Не удалось выполнить CDbCommand::fetchAll(): SQLSTATE[42000]: Syntax error or access violation: 1064 You have an error in your SQL syntax; check the manual that corresponds to your MySQL server version for the right syntax to use near '' at line 1. Выполнявшийся SQL-запрос: SELECT * FROM shiny WHERE .
in /var/www/html/yii/protected/models/Menu.php (197)
in /var/www/html/yii/protected/controllers/SiteController.php (126)
in /var/www/html/yii/index.php (13)
2017/04/11 15:17:13 [error] [exception.CDbException] exception 'CDbException' with message 'CDbCommand не удалось исполнить SQL-запрос: SQLSTATE[42000]: Syntax error or access violation: 1064 You have an error in your SQL syntax; check the manual that corresponds to your MySQL server version for the right syntax to use near '' at line 1. The SQL statement executed was: SELECT * FROM shiny WHERE ' in /var/www/html/yii/yii/framework/db/CDbCommand.php:541
Stack trace:
#0 /var/www/html/yii/yii/framework/db/CDbCommand.php(395): CDbCommand->queryInternal('fetchAll', Array, Array)
#1 /var/www/html/yii/protected/models/Menu.php(197): CDbCommand->queryAll()
#2 /var/www/html/yii/protected/controllers/SiteController.php(126): Menu->selectDiamWidthHeight(0, 0, 0, 0, 0, 0)
#3 /var/www/html/yii/yii/framework/web/actions/CInlineAction.php(49): SiteController->actionFind()
#4 /var/www/html/yii/yii/framework/web/CController.php(308): CInlineAction->runWithParams(Array)
#5 /var/www/html/yii/yii/framework/web/CController.php(286): CController->runAction(Object(CInlineAction))
#6 /var/www/html/yii/yii/framework/web/CController.php(265): CController->runActionWithFilters(Object(CInlineAction), Array)
#7 /var/www/html/yii/yii/framework/web/CWebApplication.php(282): CController->run('find')
#8 /var/www/html/yii/yii/framework/web/CWebApplication.php(141): CWebApplication->runController('site/find')
#9 /var/www/html/yii/yii/framework/base/CApplication.php(169): CWebApplication->processRequest()
#10 /var/www/html/yii/index.php(13): CApplication->run()
#11 {main}
REQUEST_URI=/yii/found
HTTP_REFERER=http://localhost/yii/contacts
---
2017/04/11 15:18:38 [error] [system.db.CDbCommand] Не удалось выполнить CDbCommand::fetchAll(): SQLSTATE[42000]: Syntax error or access violation: 1064 You have an error in your SQL syntax; check the manual that corresponds to your MySQL server version for the right syntax to use near '' at line 1. Выполнявшийся SQL-запрос: SELECT * FROM shiny WHERE .
in /var/www/html/yii/protected/models/Menu.php (196)
in /var/www/html/yii/protected/controllers/SiteController.php (126)
in /var/www/html/yii/index.php (13)
2017/04/11 15:18:38 [error] [exception.CDbException] exception 'CDbException' with message 'CDbCommand не удалось исполнить SQL-запрос: SQLSTATE[42000]: Syntax error or access violation: 1064 You have an error in your SQL syntax; check the manual that corresponds to your MySQL server version for the right syntax to use near '' at line 1. The SQL statement executed was: SELECT * FROM shiny WHERE ' in /var/www/html/yii/yii/framework/db/CDbCommand.php:541
Stack trace:
#0 /var/www/html/yii/yii/framework/db/CDbCommand.php(395): CDbCommand->queryInternal('fetchAll', Array, Array)
#1 /var/www/html/yii/protected/models/Menu.php(196): CDbCommand->queryAll()
#2 /var/www/html/yii/protected/controllers/SiteController.php(126): Menu->selectDiamWidthHeight(0, 0, 0, 0, 0, 0)
#3 /var/www/html/yii/yii/framework/web/actions/CInlineAction.php(49): SiteController->actionFind()
#4 /var/www/html/yii/yii/framework/web/CController.php(308): CInlineAction->runWithParams(Array)
#5 /var/www/html/yii/yii/framework/web/CController.php(286): CController->runAction(Object(CInlineAction))
#6 /var/www/html/yii/yii/framework/web/CController.php(265): CController->runActionWithFilters(Object(CInlineAction), Array)
#7 /var/www/html/yii/yii/framework/web/CWebApplication.php(282): CController->run('find')
#8 /var/www/html/yii/yii/framework/web/CWebApplication.php(141): CWebApplication->runController('site/find')
#9 /var/www/html/yii/yii/framework/base/CApplication.php(169): CWebApplication->processRequest()
#10 /var/www/html/yii/index.php(13): CApplication->run()
#11 {main}
REQUEST_URI=/yii/found
HTTP_REFERER=http://localhost/yii/contacts
---
2017/04/11 15:18:59 [error] [php] Invalid argument supplied for foreach() (/var/www/html/yii/protected/views/site/find.php:168)
Stack trace:
#0 /var/www/html/yii/yii/framework/web/CController.php(869): SiteController->renderFile()
#1 /var/www/html/yii/yii/framework/web/CController.php(782): SiteController->renderPartial()
#2 /var/www/html/yii/protected/controllers/SiteController.php(129): SiteController->render()
#3 /var/www/html/yii/yii/framework/web/actions/CInlineAction.php(49): SiteController->actionFind()
#4 /var/www/html/yii/yii/framework/web/CController.php(308): CInlineAction->runWithParams()
#5 /var/www/html/yii/yii/framework/web/CController.php(286): SiteController->runAction()
#6 /var/www/html/yii/yii/framework/web/CController.php(265): SiteController->runActionWithFilters()
#7 /var/www/html/yii/yii/framework/web/CWebApplication.php(282): SiteController->run()
#8 /var/www/html/yii/yii/framework/web/CWebApplication.php(141): CWebApplication->runController()
#9 /var/www/html/yii/yii/framework/base/CApplication.php(169): CWebApplication->processRequest()
#10 /var/www/html/yii/index.php(13): CWebApplication->run()
REQUEST_URI=/yii/found
in /var/www/html/yii/protected/views/site/find.php (168)
in /var/www/html/yii/protected/controllers/SiteController.php (129)
in /var/www/html/yii/index.php (13)
2017/04/11 17:31:29 [error] [system.db.CDbCommand] Не удалось выполнить CDbCommand::fetchAll(): SQLSTATE[42000]: Syntax error or access violation: 1064 You have an error in your SQL syntax; check the manual that corresponds to your MySQL server version for the right syntax to use near '' at line 1. Выполнявшийся SQL-запрос: SELECT * FROM shiny WHERE .
in /var/www/html/yii/protected/models/Menu.php (196)
in /var/www/html/yii/protected/controllers/SiteController.php (126)
in /var/www/html/yii/index.php (13)
2017/04/11 17:31:29 [error] [exception.CDbException] exception 'CDbException' with message 'CDbCommand не удалось исполнить SQL-запрос: SQLSTATE[42000]: Syntax error or access violation: 1064 You have an error in your SQL syntax; check the manual that corresponds to your MySQL server version for the right syntax to use near '' at line 1. The SQL statement executed was: SELECT * FROM shiny WHERE ' in /var/www/html/yii/yii/framework/db/CDbCommand.php:541
Stack trace:
#0 /var/www/html/yii/yii/framework/db/CDbCommand.php(395): CDbCommand->queryInternal('fetchAll', Array, Array)
#1 /var/www/html/yii/protected/models/Menu.php(196): CDbCommand->queryAll()
#2 /var/www/html/yii/protected/controllers/SiteController.php(126): Menu->selectDiamWidthHeight(0, 0, 0, 0, 0, 0)
#3 /var/www/html/yii/yii/framework/web/actions/CInlineAction.php(49): SiteController->actionFind()
#4 /var/www/html/yii/yii/framework/web/CController.php(308): CInlineAction->runWithParams(Array)
#5 /var/www/html/yii/yii/framework/web/CController.php(286): CController->runAction(Object(CInlineAction))
#6 /var/www/html/yii/yii/framework/web/CController.php(265): CController->runActionWithFilters(Object(CInlineAction), Array)
#7 /var/www/html/yii/yii/framework/web/CWebApplication.php(282): CController->run('find')
#8 /var/www/html/yii/yii/framework/web/CWebApplication.php(141): CWebApplication->runController('site/find')
#9 /var/www/html/yii/yii/framework/base/CApplication.php(169): CWebApplication->processRequest()
#10 /var/www/html/yii/index.php(13): CApplication->run()
#11 {main}
REQUEST_URI=/yii/found
HTTP_REFERER=http://localhost/yii/contacts
---
2017/04/12 18:38:30 [error] [exception.CHttpException.404] exception 'CHttpException' with message 'Невозможно обработать запрос "bootstrap/js/bootstrap.min.js".' in /var/www/html/yii/yii/framework/web/CWebApplication.php:286
Stack trace:
#0 /var/www/html/yii/yii/framework/web/CWebApplication.php(141): CWebApplication->runController('bootstrap/js/bo...')
#1 /var/www/html/yii/yii/framework/base/CApplication.php(169): CWebApplication->processRequest()
#2 /var/www/html/yii/index.php(13): CApplication->run()
#3 {main}
REQUEST_URI=/yii/bootstrap/js/bootstrap.min.js
HTTP_REFERER=http://localhost/yii/contacts
---
2017/04/12 18:38:30 [error] [exception.CHttpException.404] exception 'CHttpException' with message 'Невозможно обработать запрос "ui/jquery-ui.js".' in /var/www/html/yii/yii/framework/web/CWebApplication.php:286
Stack trace:
#0 /var/www/html/yii/yii/framework/web/CWebApplication.php(141): CWebApplication->runController('ui/jquery-ui.js')
#1 /var/www/html/yii/yii/framework/base/CApplication.php(169): CWebApplication->processRequest()
#2 /var/www/html/yii/index.php(13): CApplication->run()
#3 {main}
REQUEST_URI=/yii/ui/jquery-ui.js
HTTP_REFERER=http://localhost/yii/contacts
---
2017/04/12 18:38:30 [error] [exception.CHttpException.404] exception 'CHttpException' with message 'Невозможно обработать запрос "bootstrap/js/bootstrap.min.js".' in /var/www/html/yii/yii/framework/web/CWebApplication.php:286
Stack trace:
#0 /var/www/html/yii/yii/framework/web/CWebApplication.php(141): CWebApplication->runController('bootstrap/js/bo...')
#1 /var/www/html/yii/yii/framework/base/CApplication.php(169): CWebApplication->processRequest()
#2 /var/www/html/yii/index.php(13): CApplication->run()
#3 {main}
REQUEST_URI=/yii/bootstrap/js/bootstrap.min.js
HTTP_REFERER=http://localhost/yii/contacts
---
2017/04/12 18:38:31 [error] [exception.CHttpException.404] exception 'CHttpException' with message 'Невозможно обработать запрос "ui/jquery-ui.js".' in /var/www/html/yii/yii/framework/web/CWebApplication.php:286
Stack trace:
#0 /var/www/html/yii/yii/framework/web/CWebApplication.php(141): CWebApplication->runController('ui/jquery-ui.js')
#1 /var/www/html/yii/yii/framework/base/CApplication.php(169): CWebApplication->processRequest()
#2 /var/www/html/yii/index.php(13): CApplication->run()
#3 {main}
REQUEST_URI=/yii/ui/jquery-ui.js
HTTP_REFERER=http://localhost/yii/contacts
---
2017/04/12 18:39:03 [error] [system.db.CDbCommand] Не удалось выполнить CDbCommand::fetchAll(): SQLSTATE[42000]: Syntax error or access violation: 1064 You have an error in your SQL syntax; check the manual that corresponds to your MySQL server version for the right syntax to use near '' at line 1. Выполнявшийся SQL-запрос: SELECT * FROM shiny WHERE .
in /var/www/html/yii/protected/models/Menu.php (196)
in /var/www/html/yii/protected/controllers/SiteController.php (126)
in /var/www/html/yii/index.php (13)
2017/04/12 18:39:03 [error] [exception.CDbException] exception 'CDbException' with message 'CDbCommand не удалось исполнить SQL-запрос: SQLSTATE[42000]: Syntax error or access violation: 1064 You have an error in your SQL syntax; check the manual that corresponds to your MySQL server version for the right syntax to use near '' at line 1. The SQL statement executed was: SELECT * FROM shiny WHERE ' in /var/www/html/yii/yii/framework/db/CDbCommand.php:541
Stack trace:
#0 /var/www/html/yii/yii/framework/db/CDbCommand.php(395): CDbCommand->queryInternal('fetchAll', Array, Array)
#1 /var/www/html/yii/protected/models/Menu.php(196): CDbCommand->queryAll()
#2 /var/www/html/yii/protected/controllers/SiteController.php(126): Menu->selectDiamWidthHeight(0, 0, 0, 0, 0, 0)
#3 /var/www/html/yii/yii/framework/web/actions/CInlineAction.php(49): SiteController->actionFind()
#4 /var/www/html/yii/yii/framework/web/CController.php(308): CInlineAction->runWithParams(Array)
#5 /var/www/html/yii/yii/framework/web/CController.php(286): CController->runAction(Object(CInlineAction))
#6 /var/www/html/yii/yii/framework/web/CController.php(265): CController->runActionWithFilters(Object(CInlineAction), Array)
#7 /var/www/html/yii/yii/framework/web/CWebApplication.php(282): CController->run('find')
#8 /var/www/html/yii/yii/framework/web/CWebApplication.php(141): CWebApplication->runController('site/find')
#9 /var/www/html/yii/yii/framework/base/CApplication.php(169): CWebApplication->processRequest()
#10 /var/www/html/yii/index.php(13): CApplication->run()
#11 {main}
REQUEST_URI=/yii/found
HTTP_REFERER=http://localhost/yii/contacts
---
2017/04/12 19:42:02 [error] [php] is_a() expects at least 2 parameters, 1 given (/var/www/html/yii/protected/views/site/find.php:147)
Stack trace:
#0 /var/www/html/yii/yii/framework/web/CBaseController.php(95): SiteController->renderInternal()
#1 /var/www/html/yii/yii/framework/web/CController.php(869): SiteController->renderFile()
#2 /var/www/html/yii/yii/framework/web/CController.php(782): SiteController->renderPartial()
#3 /var/www/html/yii/protected/controllers/SiteController.php(129): SiteController->render()
#4 /var/www/html/yii/yii/framework/web/actions/CInlineAction.php(49): SiteController->actionFind()
#5 /var/www/html/yii/yii/framework/web/CController.php(308): CInlineAction->runWithParams()
#6 /var/www/html/yii/yii/framework/web/CController.php(286): SiteController->runAction()
#7 /var/www/html/yii/yii/framework/web/CController.php(265): SiteController->runActionWithFilters()
#8 /var/www/html/yii/yii/framework/web/CWebApplication.php(282): SiteController->run()
#9 /var/www/html/yii/yii/framework/web/CWebApplication.php(141): CWebApplication->runController()
#10 /var/www/html/yii/yii/framework/base/CApplication.php(169): CWebApplication->processRequest()
#11 /var/www/html/yii/index.php(13): CWebApplication->run()
REQUEST_URI=/yii/found
in /var/www/html/yii/protected/views/site/find.php (147)
in /var/www/html/yii/protected/controllers/SiteController.php (129)
in /var/www/html/yii/index.php (13)
2017/04/14 20:45:29 [error] [exception.CException] exception 'CException' with message 'Контроллер SiteController не может найти представление "sort".' in /var/www/html/yii/yii/framework/web/CController.php:878
Stack trace:
#0 /var/www/html/yii/yii/framework/web/CController.php(782): CController->renderPartial('sort', NULL, true)
#1 /var/www/html/yii/protected/controllers/SiteController.php(137): CController->render('sort')
#2 /var/www/html/yii/yii/framework/web/actions/CInlineAction.php(49): SiteController->actionSort()
#3 /var/www/html/yii/yii/framework/web/CController.php(308): CInlineAction->runWithParams(Array)
#4 /var/www/html/yii/yii/framework/web/CController.php(286): CController->runAction(Object(CInlineAction))
#5 /var/www/html/yii/yii/framework/web/CController.php(265): CController->runActionWithFilters(Object(CInlineAction), Array)
#6 /var/www/html/yii/yii/framework/web/CWebApplication.php(282): CController->run('sort')
#7 /var/www/html/yii/yii/framework/web/CWebApplication.php(141): CWebApplication->runController('site/sort')
#8 /var/www/html/yii/yii/framework/base/CApplication.php(169): CWebApplication->processRequest()
#9 /var/www/html/yii/index.php(13): CApplication->run()
#10 {main}
REQUEST_URI=/yii/sort
HTTP_REFERER=http://localhost/yii/found
---
2017/04/14 20:45:33 [error] [exception.CException] exception 'CException' with message 'Контроллер SiteController не может найти представление "sort".' in /var/www/html/yii/yii/framework/web/CController.php:878
Stack trace:
#0 /var/www/html/yii/yii/framework/web/CController.php(782): CController->renderPartial('sort', NULL, true)
#1 /var/www/html/yii/protected/controllers/SiteController.php(137): CController->render('sort')
#2 /var/www/html/yii/yii/framework/web/actions/CInlineAction.php(49): SiteController->actionSort()
#3 /var/www/html/yii/yii/framework/web/CController.php(308): CInlineAction->runWithParams(Array)
#4 /var/www/html/yii/yii/framework/web/CController.php(286): CController->runAction(Object(CInlineAction))
#5 /var/www/html/yii/yii/framework/web/CController.php(265): CController->runActionWithFilters(Object(CInlineAction), Array)
#6 /var/www/html/yii/yii/framework/web/CWebApplication.php(282): CController->run('sort')
#7 /var/www/html/yii/yii/framework/web/CWebApplication.php(141): CWebApplication->runController('site/sort')
#8 /var/www/html/yii/yii/framework/base/CApplication.php(169): CWebApplication->processRequest()
#9 /var/www/html/yii/index.php(13): CApplication->run()
#10 {main}
REQUEST_URI=/yii/sort
HTTP_REFERER=http://localhost/yii/found
---
2017/04/14 20:45:48 [error] [exception.CException] exception 'CException' with message 'Контроллер SiteController не может найти представление "sort".' in /var/www/html/yii/yii/framework/web/CController.php:878
Stack trace:
#0 /var/www/html/yii/yii/framework/web/CController.php(782): CController->renderPartial('sort', NULL, true)
#1 /var/www/html/yii/protected/controllers/SiteController.php(137): CController->render('sort')
#2 /var/www/html/yii/yii/framework/web/actions/CInlineAction.php(49): SiteController->actionSort()
#3 /var/www/html/yii/yii/framework/web/CController.php(308): CInlineAction->runWithParams(Array)
#4 /var/www/html/yii/yii/framework/web/CController.php(286): CController->runAction(Object(CInlineAction))
#5 /var/www/html/yii/yii/framework/web/CController.php(265): CController->runActionWithFilters(Object(CInlineAction), Array)
#6 /var/www/html/yii/yii/framework/web/CWebApplication.php(282): CController->run('sort')
#7 /var/www/html/yii/yii/framework/web/CWebApplication.php(141): CWebApplication->runController('site/sort')
#8 /var/www/html/yii/yii/framework/base/CApplication.php(169): CWebApplication->processRequest()
#9 /var/www/html/yii/index.php(13): CApplication->run()
#10 {main}
REQUEST_URI=/yii/sort
HTTP_REFERER=http://localhost/yii/found
---
2017/04/14 21:07:34 [error] [exception.CException] exception 'CException' with message 'Контроллер SiteController не может найти представление "sort".' in /var/www/html/yii/yii/framework/web/CController.php:878
Stack trace:
#0 /var/www/html/yii/yii/framework/web/CController.php(782): CController->renderPartial('sort', NULL, true)
#1 /var/www/html/yii/protected/controllers/SiteController.php(137): CController->render('sort')
#2 /var/www/html/yii/yii/framework/web/actions/CInlineAction.php(49): SiteController->actionSort()
#3 /var/www/html/yii/yii/framework/web/CController.php(308): CInlineAction->runWithParams(Array)
#4 /var/www/html/yii/yii/framework/web/CController.php(286): CController->runAction(Object(CInlineAction))
#5 /var/www/html/yii/yii/framework/web/CController.php(265): CController->runActionWithFilters(Object(CInlineAction), Array)
#6 /var/www/html/yii/yii/framework/web/CWebApplication.php(282): CController->run('sort')
#7 /var/www/html/yii/yii/framework/web/CWebApplication.php(141): CWebApplication->runController('site/sort')
#8 /var/www/html/yii/yii/framework/base/CApplication.php(169): CWebApplication->processRequest()
#9 /var/www/html/yii/index.php(13): CApplication->run()
#10 {main}
REQUEST_URI=/yii/sort
HTTP_REFERER=http://localhost/yii/found
---
2017/04/14 21:07:52 [error] [exception.CException] exception 'CException' with message 'Контроллер SiteController не может найти представление "sort".' in /var/www/html/yii/yii/framework/web/CController.php:878
Stack trace:
#0 /var/www/html/yii/yii/framework/web/CController.php(782): CController->renderPartial('sort', NULL, true)
#1 /var/www/html/yii/protected/controllers/SiteController.php(137): CController->render('sort')
#2 /var/www/html/yii/yii/framework/web/actions/CInlineAction.php(49): SiteController->actionSort()
#3 /var/www/html/yii/yii/framework/web/CController.php(308): CInlineAction->runWithParams(Array)
#4 /var/www/html/yii/yii/framework/web/CController.php(286): CController->runAction(Object(CInlineAction))
#5 /var/www/html/yii/yii/framework/web/CController.php(265): CController->runActionWithFilters(Object(CInlineAction), Array)
#6 /var/www/html/yii/yii/framework/web/CWebApplication.php(282): CController->run('sort')
#7 /var/www/html/yii/yii/framework/web/CWebApplication.php(141): CWebApplication->runController('site/sort')
#8 /var/www/html/yii/yii/framework/base/CApplication.php(169): CWebApplication->processRequest()
#9 /var/www/html/yii/index.php(13): CApplication->run()
#10 {main}
REQUEST_URI=/yii/sort
HTTP_REFERER=http://localhost/yii/found
---
2017/04/14 21:08:25 [error] [exception.CException] exception 'CException' with message 'Контроллер SiteController не может найти представление "sort".' in /var/www/html/yii/yii/framework/web/CController.php:878
Stack trace:
#0 /var/www/html/yii/yii/framework/web/CController.php(782): CController->renderPartial('sort', NULL, true)
#1 /var/www/html/yii/protected/controllers/SiteController.php(137): CController->render('sort')
#2 /var/www/html/yii/yii/framework/web/actions/CInlineAction.php(49): SiteController->actionSort()
#3 /var/www/html/yii/yii/framework/web/CController.php(308): CInlineAction->runWithParams(Array)
#4 /var/www/html/yii/yii/framework/web/CController.php(286): CController->runAction(Object(CInlineAction))
#5 /var/www/html/yii/yii/framework/web/CController.php(265): CController->runActionWithFilters(Object(CInlineAction), Array)
#6 /var/www/html/yii/yii/framework/web/CWebApplication.php(282): CController->run('sort')
#7 /var/www/html/yii/yii/framework/web/CWebApplication.php(141): CWebApplication->runController('site/sort')
#8 /var/www/html/yii/yii/framework/base/CApplication.php(169): CWebApplication->processRequest()
#9 /var/www/html/yii/index.php(13): CApplication->run()
#10 {main}
REQUEST_URI=/yii/sort
HTTP_REFERER=http://localhost/yii/found
---
2017/04/14 21:09:50 [error] [exception.CException] exception 'CException' with message 'Контроллер SiteController не может найти представление "sort".' in /var/www/html/yii/yii/framework/web/CController.php:878
Stack trace:
#0 /var/www/html/yii/yii/framework/web/CController.php(782): CController->renderPartial('sort', NULL, true)
#1 /var/www/html/yii/protected/controllers/SiteController.php(137): CController->render('sort')
#2 /var/www/html/yii/yii/framework/web/actions/CInlineAction.php(49): SiteController->actionSort()
#3 /var/www/html/yii/yii/framework/web/CController.php(308): CInlineAction->runWithParams(Array)
#4 /var/www/html/yii/yii/framework/web/CController.php(286): CController->runAction(Object(CInlineAction))
#5 /var/www/html/yii/yii/framework/web/CController.php(265): CController->runActionWithFilters(Object(CInlineAction), Array)
#6 /var/www/html/yii/yii/framework/web/CWebApplication.php(282): CController->run('sort')
#7 /var/www/html/yii/yii/framework/web/CWebApplication.php(141): CWebApplication->runController('site/sort')
#8 /var/www/html/yii/yii/framework/base/CApplication.php(169): CWebApplication->processRequest()
#9 /var/www/html/yii/index.php(13): CApplication->run()
#10 {main}
REQUEST_URI=/yii/sort
HTTP_REFERER=http://localhost/yii/found
---
2017/04/15 09:27:55 [error] [php] Undefined variable: my_shin (/var/www/html/yii/protected/controllers/SiteController.php:144)
Stack trace:
#0 /var/www/html/yii/yii/framework/web/CController.php(286): SiteController->runAction()
#1 /var/www/html/yii/yii/framework/web/CController.php(265): SiteController->runActionWithFilters()
#2 /var/www/html/yii/yii/framework/web/CWebApplication.php(282): SiteController->run()
#3 /var/www/html/yii/yii/framework/web/CWebApplication.php(141): CWebApplication->runController()
#4 /var/www/html/yii/yii/framework/base/CApplication.php(169): CWebApplication->processRequest()
#5 /var/www/html/yii/index.php(13): CWebApplication->run()
REQUEST_URI=/yii/sort
in /var/www/html/yii/protected/controllers/SiteController.php (144)
in /var/www/html/yii/index.php (13)
2017/04/15 09:27:57 [error] [php] Undefined variable: my_shin (/var/www/html/yii/protected/controllers/SiteController.php:144)
Stack trace:
#0 /var/www/html/yii/yii/framework/web/CController.php(286): SiteController->runAction()
#1 /var/www/html/yii/yii/framework/web/CController.php(265): SiteController->runActionWithFilters()
#2 /var/www/html/yii/yii/framework/web/CWebApplication.php(282): SiteController->run()
#3 /var/www/html/yii/yii/framework/web/CWebApplication.php(141): CWebApplication->runController()
#4 /var/www/html/yii/yii/framework/base/CApplication.php(169): CWebApplication->processRequest()
#5 /var/www/html/yii/index.php(13): CWebApplication->run()
REQUEST_URI=/yii/sort
in /var/www/html/yii/protected/controllers/SiteController.php (144)
in /var/www/html/yii/index.php (13)
2017/04/15 09:27:58 [error] [php] Undefined variable: my_shin (/var/www/html/yii/protected/controllers/SiteController.php:144)
Stack trace:
#0 /var/www/html/yii/yii/framework/web/CController.php(286): SiteController->runAction()
#1 /var/www/html/yii/yii/framework/web/CController.php(265): SiteController->runActionWithFilters()
#2 /var/www/html/yii/yii/framework/web/CWebApplication.php(282): SiteController->run()
#3 /var/www/html/yii/yii/framework/web/CWebApplication.php(141): CWebApplication->runController()
#4 /var/www/html/yii/yii/framework/base/CApplication.php(169): CWebApplication->processRequest()
#5 /var/www/html/yii/index.php(13): CWebApplication->run()
REQUEST_URI=/yii/sort
in /var/www/html/yii/protected/controllers/SiteController.php (144)
in /var/www/html/yii/index.php (13)
2017/04/15 09:29:47 [error] [php] Undefined variable: my_shin (/var/www/html/yii/protected/controllers/SiteController.php:138)
Stack trace:
#0 /var/www/html/yii/yii/framework/web/CController.php(286): SiteController->runAction()
#1 /var/www/html/yii/yii/framework/web/CController.php(265): SiteController->runActionWithFilters()
#2 /var/www/html/yii/yii/framework/web/CWebApplication.php(282): SiteController->run()
#3 /var/www/html/yii/yii/framework/web/CWebApplication.php(141): CWebApplication->runController()
#4 /var/www/html/yii/yii/framework/base/CApplication.php(169): CWebApplication->processRequest()
#5 /var/www/html/yii/index.php(13): CWebApplication->run()
REQUEST_URI=/yii/sort
in /var/www/html/yii/protected/controllers/SiteController.php (138)
in /var/www/html/yii/index.php (13)
2017/04/15 09:43:06 [error] [php] Array to string conversion (/var/www/html/yii/protected/views/site/find.php:256)
Stack trace:
#0 /var/www/html/yii/yii/framework/web/CController.php(869): SiteController->renderFile()
#1 /var/www/html/yii/yii/framework/web/CController.php(782): SiteController->renderPartial()
#2 /var/www/html/yii/protected/controllers/SiteController.php(129): SiteController->render()
#3 /var/www/html/yii/yii/framework/web/actions/CInlineAction.php(49): SiteController->actionFind()
#4 /var/www/html/yii/yii/framework/web/CController.php(308): CInlineAction->runWithParams()
#5 /var/www/html/yii/yii/framework/web/CController.php(286): SiteController->runAction()
#6 /var/www/html/yii/yii/framework/web/CController.php(265): SiteController->runActionWithFilters()
#7 /var/www/html/yii/yii/framework/web/CWebApplication.php(282): SiteController->run()
#8 /var/www/html/yii/yii/framework/web/CWebApplication.php(141): CWebApplication->runController()
#9 /var/www/html/yii/yii/framework/base/CApplication.php(169): CWebApplication->processRequest()
#10 /var/www/html/yii/index.php(13): CWebApplication->run()
REQUEST_URI=/yii/found
in /var/www/html/yii/protected/views/site/find.php (256)
in /var/www/html/yii/protected/controllers/SiteController.php (129)
in /var/www/html/yii/index.php (13)
2017/04/19 17:30:31 [error] [system.db.CDbCommand] Не удалось выполнить CDbCommand::fetchAll(): SQLSTATE[42000]: Syntax error or access violation: 1064 You have an error in your SQL syntax; check the manual that corresponds to your MySQL server version for the right syntax to use near '' at line 1. Выполнявшийся SQL-запрос: SELECT * FROM shiny WHERE .
in /var/www/html/shina/protected/models/Menu.php (197)
in /var/www/html/shina/protected/controllers/SiteController.php (126)
in /var/www/html/shina/index.php (13)
2017/04/19 17:30:31 [error] [exception.CDbException] exception 'CDbException' with message 'CDbCommand не удалось исполнить SQL-запрос: SQLSTATE[42000]: Syntax error or access violation: 1064 You have an error in your SQL syntax; check the manual that corresponds to your MySQL server version for the right syntax to use near '' at line 1. The SQL statement executed was: SELECT * FROM shiny WHERE ' in /var/www/html/shina/yii/framework/db/CDbCommand.php:541
Stack trace:
#0 /var/www/html/shina/yii/framework/db/CDbCommand.php(395): CDbCommand->queryInternal('fetchAll', Array, Array)
#1 /var/www/html/shina/protected/models/Menu.php(197): CDbCommand->queryAll()
#2 /var/www/html/shina/protected/controllers/SiteController.php(126): Menu->selectDiamWidthHeight(0, 0, 0, 0, 0, 0)
#3 /var/www/html/shina/yii/framework/web/actions/CInlineAction.php(49): SiteController->actionFind()
#4 /var/www/html/shina/yii/framework/web/CController.php(308): CInlineAction->runWithParams(Array)
#5 /var/www/html/shina/yii/framework/web/CController.php(286): CController->runAction(Object(CInlineAction))
#6 /var/www/html/shina/yii/framework/web/CController.php(265): CController->runActionWithFilters(Object(CInlineAction), Array)
#7 /var/www/html/shina/yii/framework/web/CWebApplication.php(282): CController->run('find')
#8 /var/www/html/shina/yii/framework/web/CWebApplication.php(141): CWebApplication->runController('site/find')
#9 /var/www/html/shina/yii/framework/base/CApplication.php(169): CWebApplication->processRequest()
#10 /var/www/html/shina/index.php(13): CApplication->run()
#11 {main}
REQUEST_URI=/shina/found
---
2017/04/19 17:30:40 [error] [exception.CHttpException.404] exception 'CHttpException' with message 'Невозможно обработать запрос "img/favicon.ico".' in /var/www/html/shina/yii/framework/web/CWebApplication.php:286
Stack trace:
#0 /var/www/html/shina/yii/framework/web/CWebApplication.php(141): CWebApplication->runController('img/favicon.ico')
#1 /var/www/html/shina/yii/framework/base/CApplication.php(169): CWebApplication->processRequest()
#2 /var/www/html/shina/index.php(13): CApplication->run()
#3 {main}
REQUEST_URI=/shina/img/favicon.ico
HTTP_REFERER=http://localhost/shina/
---
